<?xml version="1.0" encoding="UTF-8"?>
<!-- Generated by org.testng.reporters.JUnitXMLReporter -->
<testsuite ignored="3" hostname="LAPTOP-GSAAFOHU" failures="0" tests="1" name="Default test" time="9.229" errors="0" timestamp="04 Aug 2024 15:13:59 GMT">
  <testcase classname="testCases.LoginTest" name="TC05_LoginFailureTest" time="6.382"/>
  <testcase classname="testCases.LoginTest" name="TC04_LoginSuccessTest" time="0.0">
    <ignored/>
  </testcase> <!-- TC04_LoginSuccessTest -->
  <testcase classname="testCases.LoginTest" name="TC02_LoginSuccessTest" time="0.0">
    <ignored/>
  </testcase> <!-- TC02_LoginSuccessTest -->
  <testcase classname="testCases.LoginTest" name="TC01_LoginFailureTest" time="0.0">
    <ignored/>
  </testcase> <!-- TC01_LoginFailureTest -->
</testsuite> <!-- Default test -->
