<?xml version="1.0" encoding="UTF-8"?>
<testng-results ignored="2" total="4" passed="2" failed="0" skipped="0">
  <reporter-output>
  </reporter-output>
  <suite started-at="2024-10-06T16:48:15Z" name="sanity" finished-at="2024-10-06T16:49:09Z" duration-ms="53960">
    <groups>
      <group name="sanity">
        <method signature="LoginTest.TC01_LoginFailureTest()[pri:0, instance:testCases.LoginTest@6676f6a0]" name="TC01_LoginFailureTest" class="testCases.LoginTest"/>
        <method signature="LoginTest.TC02_LoginSuccessTest(java.lang.String, java.lang.String)[pri:0, instance:testCases.LoginTest@6676f6a0]" name="TC02_LoginSuccessTest" class="testCases.LoginTest"/>
      </group> <!-- sanity -->
    </groups>
    <test started-at="2024-10-06T16:48:15Z" name="Test" finished-at="2024-10-06T16:49:09Z" duration-ms="53960">
      <class name="testCases.LoginTest">
        <test-method is-config="true" signature="SetUpExcel1()[pri:0, instance:testCases.LoginTest@6676f6a0]" started-at="2024-10-06T16:48:15Z" name="SetUpExcel1" finished-at="2024-10-06T16:48:15Z" duration-ms="433" status="PASS">
          <reporter-output>
          </reporter-output>
        </test-method> <!-- SetUpExcel1 -->
        <test-method is-config="true" signature="SetUpDriver()[pri:0, instance:testCases.LoginTest@6676f6a0]" started-at="2024-10-06T16:48:15Z" name="SetUpDriver" finished-at="2024-10-06T16:48:44Z" duration-ms="29100" status="PASS">
          <reporter-output>
          </reporter-output>
        </test-method> <!-- SetUpDriver -->
        <test-method signature="TC01_LoginFailureTest()[pri:0, instance:testCases.LoginTest@6676f6a0]" started-at="2024-10-06T16:48:44Z" name="TC01_LoginFailureTest" description="Login failure test" finished-at="2024-10-06T16:48:53Z" duration-ms="9079" status="PASS">
          <reporter-output>
          </reporter-output>
        </test-method> <!-- TC01_LoginFailureTest -->
        <test-method is-config="true" signature="TearDown()[pri:0, instance:testCases.LoginTest@6676f6a0]" started-at="2024-10-06T16:48:53Z" name="TearDown" finished-at="2024-10-06T16:48:54Z" duration-ms="873" status="PASS">
          <reporter-output>
          </reporter-output>
        </test-method> <!-- TearDown -->
        <test-method is-config="true" signature="SetUpDriver()[pri:0, instance:testCases.LoginTest@6676f6a0]" started-at="2024-10-06T16:48:54Z" name="SetUpDriver" finished-at="2024-10-06T16:48:58Z" duration-ms="4207" status="PASS">
          <reporter-output>
          </reporter-output>
        </test-method> <!-- SetUpDriver -->
        <test-method signature="TC02_LoginSuccessTest(java.lang.String, java.lang.String)[pri:0, instance:testCases.LoginTest@6676f6a0]" started-at="2024-10-06T16:48:58Z" name="TC02_LoginSuccessTest" description="Login success test" finished-at="2024-10-06T16:49:08Z" duration-ms="9221" status="PASS">
          <params>
            <param index="0">
              <value>
                <![CDATA[aaa@bbb.com]]>
              </value>
            </param>
            <param index="1">
              <value>
                <![CDATA[Abc@12345]]>
              </value>
            </param>
          </params>
          <reporter-output>
          </reporter-output>
        </test-method> <!-- TC02_LoginSuccessTest -->
        <test-method is-config="true" signature="TearDown()[pri:0, instance:testCases.LoginTest@6676f6a0]" started-at="2024-10-06T16:49:08Z" name="TearDown" finished-at="2024-10-06T16:49:09Z" duration-ms="1022" status="PASS">
          <reporter-output>
          </reporter-output>
        </test-method> <!-- TearDown -->
        <test-method is-config="true" signature="CloseUpExcel()[pri:0, instance:testCases.LoginTest@6676f6a0]" started-at="2024-10-06T16:49:09Z" name="CloseUpExcel" finished-at="2024-10-06T16:49:09Z" duration-ms="0" status="PASS">
          <reporter-output>
          </reporter-output>
        </test-method> <!-- CloseUpExcel -->
      </class> <!-- testCases.LoginTest -->
    </test> <!-- Test -->
  </suite> <!-- sanity -->
</testng-results>
