<?xml version="1.0" encoding="UTF-8"?>
<!-- Generated by org.testng.reporters.JUnitXMLReporter -->
<testsuite ignored="2" hostname="LAPTOP-GSAAFOHU" failures="0" tests="2" name="Test" time="10.696" errors="0" timestamp="19 Oct 2024 17:01:56 GMT">
  <testcase classname="testCases.LoginTest" name="TC01_LoginFailureTest" time="7.365"/>
  <testcase classname="testCases.LoginTest" name="TC02_LoginSuccessTest" time="7.697"/>
  <testcase classname="testCases.LoginTest" name="TC04_LoginSuccessTest" time="0.0">
    <ignored/>
  </testcase> <!-- TC04_LoginSuccessTest -->
  <testcase classname="testCases.LoginTest" name="TC05_LoginFailureTest" time="0.0">
    <ignored/>
  </testcase> <!-- TC05_LoginFailureTest -->
</testsuite> <!-- Test -->
