<?xml version="1.0" encoding="UTF-8"?>
<testng-results ignored="2" total="4" passed="2" failed="0" skipped="0">
  <reporter-output>
  </reporter-output>
  <suite started-at="2024-10-06T15:29:41Z" name="sanity" finished-at="2024-10-06T15:30:01Z" duration-ms="20394">
    <groups>
      <group name="sanity">
        <method signature="LoginTest.TC01_LoginFailureTest()[pri:0, instance:testCases.LoginTest@26ceffa8]" name="TC01_LoginFailureTest" class="testCases.LoginTest"/>
        <method signature="LoginTest.TC02_LoginSuccessTest(java.lang.String, java.lang.String)[pri:0, instance:testCases.LoginTest@26ceffa8]" name="TC02_LoginSuccessTest" class="testCases.LoginTest"/>
      </group> <!-- sanity -->
    </groups>
    <test started-at="2024-10-06T15:29:41Z" name="Test" finished-at="2024-10-06T15:30:01Z" duration-ms="20394">
      <class name="testCases.LoginTest">
        <test-method is-config="true" signature="SetUpExcel1()[pri:0, instance:testCases.LoginTest@26ceffa8]" started-at="2024-10-06T15:29:41Z" name="SetUpExcel1" finished-at="2024-10-06T15:29:41Z" duration-ms="529" status="PASS">
          <reporter-output>
          </reporter-output>
        </test-method> <!-- SetUpExcel1 -->
        <test-method is-config="true" signature="SetUpDriver()[pri:0, instance:testCases.LoginTest@26ceffa8]" started-at="2024-10-06T15:29:41Z" name="SetUpDriver" finished-at="2024-10-06T15:29:44Z" duration-ms="2425" status="PASS">
          <reporter-output>
          </reporter-output>
        </test-method> <!-- SetUpDriver -->
        <test-method signature="TC01_LoginFailureTest()[pri:0, instance:testCases.LoginTest@26ceffa8]" started-at="2024-10-06T15:29:44Z" name="TC01_LoginFailureTest" description="Login failure test" finished-at="2024-10-06T15:29:51Z" duration-ms="7548" status="PASS">
          <reporter-output>
          </reporter-output>
        </test-method> <!-- TC01_LoginFailureTest -->
        <test-method is-config="true" signature="TearDown()[pri:0, instance:testCases.LoginTest@26ceffa8]" started-at="2024-10-06T15:29:51Z" name="TearDown" finished-at="2024-10-06T15:29:51Z" duration-ms="251" status="PASS">
          <reporter-output>
          </reporter-output>
        </test-method> <!-- TearDown -->
        <test-method is-config="true" signature="SetUpDriver()[pri:0, instance:testCases.LoginTest@26ceffa8]" started-at="2024-10-06T15:29:51Z" name="SetUpDriver" finished-at="2024-10-06T15:29:53Z" duration-ms="1961" status="PASS">
          <reporter-output>
          </reporter-output>
        </test-method> <!-- SetUpDriver -->
        <test-method signature="TC02_LoginSuccessTest(java.lang.String, java.lang.String)[pri:0, instance:testCases.LoginTest@26ceffa8]" started-at="2024-10-06T15:29:53Z" name="TC02_LoginSuccessTest" description="Login success test" finished-at="2024-10-06T15:30:01Z" duration-ms="7480" status="PASS">
          <params>
            <param index="0">
              <value>
                <![CDATA[aaa@bbb.com]]>
              </value>
            </param>
            <param index="1">
              <value>
                <![CDATA[Abc@12345]]>
              </value>
            </param>
          </params>
          <reporter-output>
          </reporter-output>
        </test-method> <!-- TC02_LoginSuccessTest -->
        <test-method is-config="true" signature="TearDown()[pri:0, instance:testCases.LoginTest@26ceffa8]" started-at="2024-10-06T15:30:01Z" name="TearDown" finished-at="2024-10-06T15:30:01Z" duration-ms="178" status="PASS">
          <reporter-output>
          </reporter-output>
        </test-method> <!-- TearDown -->
        <test-method is-config="true" signature="CloseUpExcel()[pri:0, instance:testCases.LoginTest@26ceffa8]" started-at="2024-10-06T15:30:01Z" name="CloseUpExcel" finished-at="2024-10-06T15:30:01Z" duration-ms="0" status="PASS">
          <reporter-output>
          </reporter-output>
        </test-method> <!-- CloseUpExcel -->
      </class> <!-- testCases.LoginTest -->
    </test> <!-- Test -->
  </suite> <!-- sanity -->
</testng-results>
