<?xml version="1.0" encoding="UTF-8"?>
<testng-results ignored="2" total="4" passed="2" failed="0" skipped="0">
  <reporter-output>
  </reporter-output>
  <suite started-at="2024-10-19T17:01:45Z" name="sanity" finished-at="2024-10-19T17:01:56Z" duration-ms="10696">
    <groups>
      <group name="sanity">
        <method signature="LoginTest.TC01_LoginFailureTest()[pri:0, instance:testCases.LoginTest@3d9c13b5]" name="TC01_LoginFailureTest" class="testCases.LoginTest"/>
        <method signature="LoginTest.TC02_LoginSuccessTest(java.lang.String, java.lang.String)[pri:0, instance:testCases.LoginTest@3d9c13b5]" name="TC02_LoginSuccessTest" class="testCases.LoginTest"/>
      </group> <!-- sanity -->
    </groups>
    <test started-at="2024-10-19T17:01:45Z" name="Test" finished-at="2024-10-19T17:01:56Z" duration-ms="10696">
      <class name="testCases.LoginTest">
        <test-method is-config="true" signature="SetUpDriver()[pri:0, instance:testCases.LoginTest@3d9c13b5]" started-at="2024-10-19T17:01:45Z" name="SetUpDriver" finished-at="2024-10-19T17:01:48Z" duration-ms="2787" status="PASS">
          <reporter-output>
          </reporter-output>
        </test-method> <!-- SetUpDriver -->
        <test-method is-config="true" signature="SetUpDriver()[pri:0, instance:testCases.LoginTest@3d9c13b5]" started-at="2024-10-19T17:01:45Z" name="SetUpDriver" finished-at="2024-10-19T17:01:48Z" duration-ms="2987" status="PASS">
          <reporter-output>
          </reporter-output>
        </test-method> <!-- SetUpDriver -->
        <test-method signature="TC02_LoginSuccessTest(java.lang.String, java.lang.String)[pri:0, instance:testCases.LoginTest@3d9c13b5]" started-at="2024-10-19T17:01:48Z" name="TC02_LoginSuccessTest" description="Login success test" finished-at="2024-10-19T17:01:56Z" duration-ms="7697" status="PASS">
          <params>
            <param index="0">
              <value>
                <![CDATA[aaa@bbb.com]]>
              </value>
            </param>
            <param index="1">
              <value>
                <![CDATA[Abc@12345]]>
              </value>
            </param>
          </params>
          <reporter-output>
          </reporter-output>
        </test-method> <!-- TC02_LoginSuccessTest -->
        <test-method signature="TC01_LoginFailureTest()[pri:0, instance:testCases.LoginTest@3d9c13b5]" started-at="2024-10-19T17:01:48Z" name="TC01_LoginFailureTest" description="Login failure test" finished-at="2024-10-19T17:01:55Z" duration-ms="7365" status="PASS">
          <reporter-output>
          </reporter-output>
        </test-method> <!-- TC01_LoginFailureTest -->
        <test-method is-config="true" signature="TearDown()[pri:0, instance:testCases.LoginTest@3d9c13b5]" started-at="2024-10-19T17:01:55Z" name="TearDown" finished-at="2024-10-19T17:01:56Z" duration-ms="249" status="PASS">
          <reporter-output>
          </reporter-output>
        </test-method> <!-- TearDown -->
        <test-method is-config="true" signature="TearDown()[pri:0, instance:testCases.LoginTest@3d9c13b5]" started-at="2024-10-19T17:01:56Z" name="TearDown" finished-at="2024-10-19T17:01:56Z" duration-ms="195" status="PASS">
          <reporter-output>
          </reporter-output>
        </test-method> <!-- TearDown -->
      </class> <!-- testCases.LoginTest -->
    </test> <!-- Test -->
  </suite> <!-- sanity -->
</testng-results>
